current directory: /home/najma/Documents/Moringa/Development/Code/Phase4/phase-4-using-active-model-serializer/Documents/Moringa/De/ruby/3.2.0/gems/byebug-11.1.3/ext/byebug
/home/najma/.rbenv/versions/3.2.2/bin/ruby extconf.rb
creating Makefile

current directory: /home/najma/Documents/Moringa/Development/Code/Phase4/phase-4-using-active-model-serializer/Documents/Moringa/De/ruby/3.2.0/gems/byebug-11.1.3/ext/byebug
make DESTDIR\= sitearchdir\=./.gem.20230630-8715-xokbkr sitelibdir\=./.gem.20230630-8715-xokbkr clean

current directory: /home/najma/Documents/Moringa/Development/Code/Phase4/phase-4-using-active-model-serializer/Documents/Moringa/De/ruby/3.2.0/gems/byebug-11.1.3/ext/byebug
make DESTDIR\= sitearchdir\=./.gem.20230630-8715-xokbkr sitelibdir\=./.gem.20230630-8715-xokbkr
compiling breakpoint.c
compiling byebug.c
byebug.c: In function ‘check_started’:
byebug.c:69:1: warning: old-style function definition [-Wold-style-definition]
   69 | check_started()
      | ^~~~~~~~~~~~~
byebug.c: In function ‘Init_byebug’:
byebug.c:865:1: warning: old-style function definition [-Wold-style-definition]
  865 | Init_byebug()
      | ^~~~~~~~~~~
byebug.c: At top level:
cc1: note: unrecognized command-line option ‘-Wno-self-assign’ may have been intended to silence earlier diagnostics
cc1: note: unrecognized command-line option ‘-Wno-parentheses-equality’ may have been intended to silence earlier diagnostics
cc1: note: unrecognized command-line option ‘-Wno-constant-logical-operand’ may have been intended to silence earlier diagnostics
compiling context.c
compiling locker.c
locker.c: In function ‘byebug_pop_from_locked’:
locker.c:53:1: warning: old-style function definition [-Wold-style-definition]
   53 | byebug_pop_from_locked()
      | ^~~~~~~~~~~~~~~~~~~~~~
locker.c: At top level:
cc1: note: unrecognized command-line option ‘-Wno-self-assign’ may have been intended to silence earlier diagnostics
cc1: note: unrecognized command-line option ‘-Wno-parentheses-equality’ may have been intended to silence earlier diagnostics
cc1: note: unrecognized command-line option ‘-Wno-constant-logical-operand’ may have been intended to silence earlier diagnostics
compiling threads.c
linking shared-object byebug/byebug.so

current directory: /home/najma/Documents/Moringa/Development/Code/Phase4/phase-4-using-active-model-serializer/Documents/Moringa/De/ruby/3.2.0/gems/byebug-11.1.3/ext/byebug
make DESTDIR\= sitearchdir\=./.gem.20230630-8715-xokbkr sitelibdir\=./.gem.20230630-8715-xokbkr install
/bin/install -c -m 0755 byebug.so ./.gem.20230630-8715-xokbkr/byebug

current directory: /home/najma/Documents/Moringa/Development/Code/Phase4/phase-4-using-active-model-serializer/Documents/Moringa/De/ruby/3.2.0/gems/byebug-11.1.3/ext/byebug
make DESTDIR\= sitearchdir\=./.gem.20230630-8715-xokbkr sitelibdir\=./.gem.20230630-8715-xokbkr clean
